{"created": 1758414963.463243, "duration": 0.2656409740447998, "exitcode": 1, "root": "/home/william/git/williamzujkowski.github.io", "environment": {}, "summary": {"failed": 2, "passed": 6, "total": 8, "collected": 8}, "collectors": [{"nodeid": "", "outcome": "passed", "result": [{"nodeid": "tests/unit", "type": "Dir"}]}, {"nodeid": "tests/unit/test_common.py::TestManifestManager", "outcome": "passed", "result": [{"nodeid": "tests/unit/test_common.py::TestManifestManager::test_manifest_load", "type": "Function", "lineno": 17}, {"nodeid": "tests/unit/test_common.py::TestManifestManager::test_manifest_update_section", "type": "Function", "lineno": 29}, {"nodeid": "tests/unit/test_common.py::TestManifestManager::test_manifest_save", "type": "Function", "lineno": 42}]}, {"nodeid": "tests/unit/test_common.py::TestTimeManager", "outcome": "passed", "result": [{"nodeid": "tests/unit/test_common.py::TestTimeManager::test_get_time_from_timegov", "type": "Function", "lineno": 60}, {"nodeid": "tests/unit/test_common.py::TestTimeManager::test_timestamp_format", "type": "Function", "lineno": 75}]}, {"nodeid": "tests/unit/test_common.py::TestLogger", "outcome": "passed", "result": [{"nodeid": "tests/unit/test_common.py::TestLogger::test_logger_creation", "type": "Function", "lineno": 88}, {"nodeid": "tests/unit/test_common.py::TestLogger::test_logger_singleton", "type": "Function", "lineno": 97}]}, {"nodeid": "tests/unit/test_common.py", "outcome": "passed", "result": [{"nodeid": "tests/unit/test_common.py::TestManifestManager", "type": "Class"}, {"nodeid": "tests/unit/test_common.py::TestTimeManager", "type": "Class"}, {"nodeid": "tests/unit/test_common.py::TestLogger", "type": "Class"}, {"nodeid": "tests/unit/test_common.py::test_all_common_imports", "type": "Function", "lineno": 104}]}, {"nodeid": "tests/unit", "outcome": "passed", "result": [{"nodeid": "tests/unit/test_common.py", "type": "Module"}]}], "tests": [{"nodeid": "tests/unit/test_common.py::TestManifestManager::test_manifest_load", "lineno": 17, "outcome": "failed", "keywords": ["test_manifest_load", "TestManifestManager", "test_common.py", "unit", "tests", "williamzujkowski.github.io", ""], "setup": {"duration": 0.05610276199877262, "outcome": "passed"}, "call": {"duration": 0.006412838993128389, "outcome": "failed", "crash": {"path": "/home/william/git/williamzujkowski.github.io/tests/unit/test_common.py", "lineno": 28, "message": "AssertionError: assert 'williamzujkowski.github.io' == 'test-repo'\n  \n  - test-repo\n  + williamzujkowski.github.io"}, "traceback": [{"path": "tests/unit/test_common.py", "lineno": 28, "message": "AssertionError"}], "longrepr": "self = <test_common.TestManifestManager object at 0x7308905c0b00>\ntemp_dir = PosixPath('/home/william/git/williamzujkowski.github.io/pytest-of-william/pytest-1/test_manifest_load0')\nmanifest_fixture = {'inventory': {'files': {'file_registry': {}, 'total_count': 0}}, 'repository': {'name': 'test-repo'}, 'version': '4.0.0'}\n\n    def test_manifest_load(self, temp_dir, manifest_fixture):\n        \"\"\"Test loading manifest file\"\"\"\n        manifest_path = temp_dir / \"MANIFEST.json\"\n        manifest_path.write_text(json.dumps(manifest_fixture))\n    \n        with patch('lib.common.Path.cwd') as mock_cwd:\n            mock_cwd.return_value = temp_dir\n            manager = ManifestManager()\n    \n            assert manager.manifest['version'] == \"4.0.0\"\n>           assert manager.manifest['repository']['name'] == \"test-repo\"\nE           AssertionError: assert 'williamzujkowski.github.io' == 'test-repo'\nE             \nE             - test-repo\nE             + williamzujkowski.github.io\n\ntests/unit/test_common.py:28: AssertionError"}, "teardown": {"duration": 0.00033448199974372983, "outcome": "passed"}}, {"nodeid": "tests/unit/test_common.py::TestManifestManager::test_manifest_update_section", "lineno": 29, "outcome": "passed", "keywords": ["test_manifest_update_section", "TestManifestManager", "test_common.py", "unit", "tests", "williamzujkowski.github.io", ""], "setup": {"duration": 0.0008399850339628756, "outcome": "passed"}, "call": {"duration": 0.0062454320141114295, "outcome": "passed"}, "teardown": {"duration": 0.0002738909679464996, "outcome": "passed"}}, {"nodeid": "tests/unit/test_common.py::TestManifestManager::test_manifest_save", "lineno": 42, "outcome": "failed", "keywords": ["test_manifest_save", "TestManifestManager", "test_common.py", "unit", "tests", "williamzujkowski.github.io", ""], "setup": {"duration": 0.0009654649766162038, "outcome": "passed"}, "call": {"duration": 0.0041493510361760855, "outcome": "failed", "crash": {"path": "/home/william/git/williamzujkowski.github.io/tests/unit/test_common.py", "lineno": 53, "message": "AttributeError: 'ManifestManager' object has no attribute 'save_manifest'"}, "traceback": [{"path": "tests/unit/test_common.py", "lineno": 53, "message": "AttributeError"}], "longrepr": "self = <test_common.TestManifestManager object at 0x7308905c1250>\ntemp_dir = PosixPath('/home/william/git/williamzujkowski.github.io/pytest-of-william/pytest-1/test_manifest_save0')\nmanifest_fixture = {'inventory': {'files': {'file_registry': {}, 'total_count': 0}}, 'repository': {'name': 'test-repo'}, 'version': '4.0.0'}\n\n    def test_manifest_save(self, temp_dir, manifest_fixture):\n        \"\"\"Test saving manifest with timestamp\"\"\"\n        manifest_path = temp_dir / \"MANIFEST.json\"\n        manifest_path.write_text(json.dumps(manifest_fixture))\n    \n        with patch('lib.common.Path.cwd') as mock_cwd:\n            mock_cwd.return_value = temp_dir\n            manager = ManifestManager()\n    \n            # Save manifest\n>           manager.save_manifest()\nE           AttributeError: 'ManifestManager' object has no attribute 'save_manifest'\n\ntests/unit/test_common.py:53: AttributeError"}, "teardown": {"duration": 0.00027873500948771834, "outcome": "passed"}}, {"nodeid": "tests/unit/test_common.py::TestTimeManager::test_get_time_from_timegov", "lineno": 60, "outcome": "passed", "keywords": ["test_get_time_from_timegov", "__wrapped__", "patchings", "TestTimeManager", "test_common.py", "unit", "tests", "williamzujkowski.github.io", ""], "setup": {"duration": 0.00022378598805516958, "outcome": "passed"}, "call": {"duration": 0.0010500639909878373, "outcome": "passed"}, "teardown": {"duration": 0.00012461596634238958, "outcome": "passed"}}, {"nodeid": "tests/unit/test_common.py::TestTimeManager::test_timestamp_format", "lineno": 75, "outcome": "passed", "keywords": ["test_timestamp_format", "TestTimeManager", "test_common.py", "unit", "tests", "williamzujkowski.github.io", ""], "setup": {"duration": 0.00019196700304746628, "outcome": "passed"}, "call": {"duration": 0.0007050319691188633, "outcome": "passed"}, "teardown": {"duration": 0.00012581702321767807, "outcome": "passed"}}, {"nodeid": "tests/unit/test_common.py::TestLogger::test_logger_creation", "lineno": 88, "outcome": "passed", "keywords": ["test_logger_creation", "TestLogger", "test_common.py", "unit", "tests", "williamzujkowski.github.io", ""], "setup": {"duration": 0.00017744500655680895, "outcome": "passed"}, "call": {"duration": 0.0006054559489712119, "outcome": "passed"}, "teardown": {"duration": 0.00011394202010706067, "outcome": "passed"}}, {"nodeid": "tests/unit/test_common.py::TestLogger::test_logger_singleton", "lineno": 97, "outcome": "passed", "keywords": ["test_logger_singleton", "TestLogger", "test_common.py", "unit", "tests", "williamzujkowski.github.io", ""], "setup": {"duration": 0.00017167400801554322, "outcome": "passed"}, "call": {"duration": 0.0005621890304610133, "outcome": "passed"}, "teardown": {"duration": 0.00012251600855961442, "outcome": "passed"}}, {"nodeid": "tests/unit/test_common.py::test_all_common_imports", "lineno": 104, "outcome": "passed", "keywords": ["test_all_common_imports", "test_common.py", "unit", "tests", "williamzujkowski.github.io", ""], "setup": {"duration": 0.00017387099796906114, "outcome": "passed"}, "call": {"duration": 0.0005521670100279152, "outcome": "passed"}, "teardown": {"duration": 0.00025446503423154354, "outcome": "passed"}}]}